<?xml version="1.0" encoding="UTF-8"?>
<!-- Generated by org.testng.reporters.JUnitReportReporter -->
<testsuite hostname="LAPTOP-B5LLFCD0" failures="0" tests="4" name="api.test.UserTestwithPropertiesFile" time="9.429" errors="0" timestamp="2023-04-30T13:03:00 IST" skipped="0">
  <testcase classname="api.test.UserTestwithPropertiesFile" name="testPostUser" time="4.695"/>
  <system-out/>
  <testcase classname="api.test.UserTestwithPropertiesFile" name="testGetUser" time="1.569"/>
  <system-out/>
  <testcase classname="api.test.UserTestwithPropertiesFile" name="updateUser" time="1.531"/>
  <system-out/>
  <testcase classname="api.test.UserTestwithPropertiesFile" name="deleteUser" time="1.634"/>
  <system-out/>
</testsuite> <!-- api.test.UserTestwithPropertiesFile -->
