<?xml version="1.0" encoding="UTF-8"?>
<!-- Generated by org.testng.reporters.JUnitReportReporter -->
<testsuite hostname="LAPTOP-B5LLFCD0" failures="0" tests="6" name="api.test.DDUserTest" time="102.598" errors="0" timestamp="2023-04-26T17:00:43 IST" skipped="0">
  <testcase classname="api.test.DDUserTest" name="testPostUser" time="2.345"/>
  <system-out/>
  <testcase classname="api.test.DDUserTest" name="testPostUser" time="1.678"/>
  <system-out/>
  <testcase classname="api.test.DDUserTest" name="testPostUser" time="7.321"/>
  <system-out/>
  <testcase classname="api.test.DDUserTest" name="testDeleteUser" time="2.272"/>
  <system-out/>
  <testcase classname="api.test.DDUserTest" name="testDeleteUser" time="23.673"/>
  <system-out/>
  <testcase classname="api.test.DDUserTest" name="testDeleteUser" time="65.309"/>
  <system-out/>
</testsuite> <!-- api.test.DDUserTest -->
