<?xml version="1.0" encoding="UTF-8"?>
<!-- Generated by org.testng.reporters.JUnitReportReporter -->
<testsuite hostname="LAPTOP-B5LLFCD0" failures="0" tests="4" name="api.test.UserTest" time="128.766" errors="0" timestamp="2023-04-26T23:41:26 IST" skipped="0">
  <testcase classname="api.test.UserTest" name="testPostUser" time="25.318"/>
  <system-out/>
  <testcase classname="api.test.UserTest" name="testGetUser" time="50.920"/>
  <system-out/>
  <testcase classname="api.test.UserTest" name="updateUser" time="29.812"/>
  <system-out/>
  <testcase classname="api.test.UserTest" name="deleteUser" time="22.716"/>
  <system-out/>
</testsuite> <!-- api.test.UserTest -->
