<?xml version="1.0" encoding="UTF-8"?>
<!-- Generated by org.testng.reporters.JUnitReportReporter -->
<testsuite hostname="LAPTOP-B5LLFCD0" failures="0" tests="4" name="api.test.UserTestwithPropertiesFile" time="15.401" errors="0" timestamp="2023-05-03T14:36:26 IST" skipped="0">
  <testcase classname="api.test.UserTestwithPropertiesFile" name="testPostUser" time="8.370"/>
  <system-out/>
  <testcase classname="api.test.UserTestwithPropertiesFile" name="testGetUser" time="3.697"/>
  <system-out/>
  <testcase classname="api.test.UserTestwithPropertiesFile" name="updateUser" time="1.800"/>
  <system-out/>
  <testcase classname="api.test.UserTestwithPropertiesFile" name="deleteUser" time="1.534"/>
  <system-out/>
</testsuite> <!-- api.test.UserTestwithPropertiesFile -->
